\BOOKMARK [1][-]{section.1}{Interpr\351tation du sujet}{}% 1
\BOOKMARK [2][-]{subsection.1.1}{Compr\351hension}{section.1}% 2
\BOOKMARK [2][-]{subsection.1.2}{Probl\350mes techniques}{section.1}% 3
\BOOKMARK [3][-]{subsubsection.1.2.1}{Le protocole CECP}{subsection.1.2}% 4
\BOOKMARK [1][-]{section.2}{Concepts}{}% 5
\BOOKMARK [2][-]{subsection.2.1}{Probl\350mes conceptuels}{section.2}% 6
\BOOKMARK [2][-]{subsection.2.2}{Solutions}{section.2}% 7
\BOOKMARK [1][-]{section.3}{Description de l\220architecture}{}% 8
\BOOKMARK [2][-]{subsection.3.1}{Cas d'utilisation}{section.3}% 9
\BOOKMARK [2][-]{subsection.3.2}{Diagramme de classes}{section.3}% 10
\BOOKMARK [2][-]{subsection.3.3}{Patrons de conception utilis\351s}{section.3}% 11
\BOOKMARK [3][-]{subsubsection.3.3.1}{Mememto}{subsection.3.3}% 12
\BOOKMARK [3][-]{subsubsection.3.3.2}{Factory}{subsection.3.3}% 13
\BOOKMARK [3][-]{subsubsection.3.3.3}{Flyweight}{subsection.3.3}% 14
\BOOKMARK [3][-]{subsubsection.3.3.4}{Strategy}{subsection.3.3}% 15
\BOOKMARK [3][-]{subsubsection.3.3.5}{MVC}{subsection.3.3}% 16
\BOOKMARK [1][-]{section.4}{Extensions envisag\351es}{}% 17
\BOOKMARK [2][-]{subsection.4.1}{Ajout de nouvelles pi\350ces}{section.4}% 18
\BOOKMARK [2][-]{subsection.4.2}{Changement de capacit\351 de mouvement d'une pi\350ce}{section.4}% 19
\BOOKMARK [2][-]{subsection.4.3}{Changement de capacit\351 de promotion}{section.4}% 20
\BOOKMARK [2][-]{subsection.4.4}{Sauvegarde l'\351tat d'une partie}{section.4}% 21
\BOOKMARK [2][-]{subsection.4.5}{Extension non envisag\351es}{section.4}% 22
